<?xml version="1.0" encoding="UTF-8"?>
<testng-results ignored="0" total="2" passed="1" failed="1" skipped="0">
  <reporter-output>
  </reporter-output>
  <suite started-at="2026-02-09T16:58:04 IST" name="Default suite" finished-at="2026-02-09T16:58:12 IST" duration-ms="8684">
    <groups>
    </groups>
    <test started-at="2026-02-09T16:58:04 IST" name="Default test" finished-at="2026-02-09T16:58:12 IST" duration-ms="8684">
      <class name="Tests.LoginTest">
        <test-method is-config="true" signature="setupReport()[pri:0, instance:Tests.LoginTest@d771cc9]" started-at="2026-02-09T16:58:04 IST" name="setupReport" finished-at="2026-02-09T16:58:04 IST" duration-ms="93" status="PASS">
          <reporter-output>
          </reporter-output>
        </test-method> <!-- setupReport -->
        <test-method is-config="true" signature="setUp()[pri:0, instance:Tests.LoginTest@d771cc9]" started-at="2026-02-09T16:58:04 IST" name="setUp" finished-at="2026-02-09T16:58:07 IST" duration-ms="3035" status="PASS">
          <reporter-output>
          </reporter-output>
        </test-method> <!-- setUp -->
        <test-method signature="testlogin()[pri:0, instance:Tests.LoginTest@d771cc9]" started-at="2026-02-09T16:58:07 IST" name="testlogin" finished-at="2026-02-09T16:58:08 IST" duration-ms="1711" status="PASS">
          <reporter-output>
          </reporter-output>
        </test-method> <!-- testlogin -->
        <test-method is-config="true" signature="down(org.testng.ITestResult)[pri:0, instance:Tests.LoginTest@d771cc9]" started-at="2026-02-09T16:58:08 IST" name="down" finished-at="2026-02-09T16:58:08 IST" duration-ms="95" status="PASS">
          <params>
            <param index="0">
              <value>
                <![CDATA[[TestResult name=testlogin status=SUCCESS method=LoginTest.testlogin()[pri:0, instance:Tests.LoginTest@d771cc9] output={null}]]]>
              </value>
            </param>
          </params>
          <reporter-output>
          </reporter-output>
        </test-method> <!-- down -->
        <test-method is-config="true" signature="setUp()[pri:0, instance:Tests.LoginTest@d771cc9]" started-at="2026-02-09T16:58:08 IST" name="setUp" finished-at="2026-02-09T16:58:11 IST" duration-ms="2540" status="PASS">
          <reporter-output>
          </reporter-output>
        </test-method> <!-- setUp -->
        <test-method signature="testloginInvalid()[pri:0, instance:Tests.LoginTest@d771cc9]" started-at="2026-02-09T16:58:11 IST" name="testloginInvalid" finished-at="2026-02-09T16:58:12 IST" duration-ms="728" status="FAIL">
          <exception class="java.lang.AssertionError">
            <message>
              <![CDATA[expected [nopCommerce demo store.] but found [nopCommerce demo store. Login]]]>
            </message>
            <full-stacktrace>
              <![CDATA[java.lang.AssertionError: expected [nopCommerce demo store.] but found [nopCommerce demo store. Login]
at org.testng.Assert.fail(Assert.java:111)
at org.testng.Assert.failNotEquals(Assert.java:1590)
at org.testng.Assert.assertEqualsImpl(Assert.java:150)
at org.testng.Assert.assertEquals(Assert.java:132)
at org.testng.Assert.assertEquals(Assert.java:656)
at org.testng.Assert.assertEquals(Assert.java:666)
at Tests.LoginTest.testloginInvalid(LoginTest.java:66)
at java.base/jdk.internal.reflect.DirectMethodHandleAccessor.invoke(DirectMethodHandleAccessor.java:103)
at java.base/java.lang.reflect.Method.invoke(Method.java:580)
at org.testng.internal.invokers.MethodInvocationHelper.invokeMethod(MethodInvocationHelper.java:141)
at org.testng.internal.invokers.TestInvoker.invokeMethod(TestInvoker.java:687)
at org.testng.internal.invokers.TestInvoker.invokeTestMethod(TestInvoker.java:230)
at org.testng.internal.invokers.MethodRunner.runInSequence(MethodRunner.java:63)
at org.testng.internal.invokers.TestInvoker$MethodInvocationAgent.invoke(TestInvoker.java:995)
at org.testng.internal.invokers.TestInvoker.invokeTestMethods(TestInvoker.java:203)
at org.testng.internal.invokers.TestMethodWorker.invokeTestMethods(TestMethodWorker.java:154)
at org.testng.internal.invokers.TestMethodWorker.run(TestMethodWorker.java:134)
at java.base/java.util.ArrayList.forEach(ArrayList.java:1596)
at org.testng.TestRunner.privateRun(TestRunner.java:741)
at org.testng.TestRunner.run(TestRunner.java:616)
at org.testng.SuiteRunner.runTest(SuiteRunner.java:421)
at org.testng.SuiteRunner.runSequentially(SuiteRunner.java:413)
at org.testng.SuiteRunner.privateRun(SuiteRunner.java:373)
at org.testng.SuiteRunner.run(SuiteRunner.java:312)
at org.testng.SuiteRunnerWorker.runSuite(SuiteRunnerWorker.java:52)
at org.testng.SuiteRunnerWorker.run(SuiteRunnerWorker.java:95)
at org.testng.TestNG.runSuitesSequentially(TestNG.java:1274)
at org.testng.TestNG.runSuitesLocally(TestNG.java:1208)
at org.testng.TestNG.runSuites(TestNG.java:1112)
at org.testng.TestNG.run(TestNG.java:1079)
at org.testng.remote.AbstractRemoteTestNG.run(AbstractRemoteTestNG.java:115)
at org.testng.remote.RemoteTestNG.initAndRun(RemoteTestNG.java:293)
at org.testng.remote.RemoteTestNG.main(RemoteTestNG.java:91)
]]>
            </full-stacktrace>
          </exception> <!-- java.lang.AssertionError -->
          <reporter-output>
          </reporter-output>
        </test-method> <!-- testloginInvalid -->
        <test-method is-config="true" signature="down(org.testng.ITestResult)[pri:0, instance:Tests.LoginTest@d771cc9]" started-at="2026-02-09T16:58:12 IST" name="down" finished-at="2026-02-09T16:58:12 IST" duration-ms="557" status="PASS">
          <params>
            <param index="0">
              <value>
                <![CDATA[[TestResult name=testloginInvalid status=FAILURE method=LoginTest.testloginInvalid()[pri:0, instance:Tests.LoginTest@d771cc9] output={null}]]]>
              </value>
            </param>
          </params>
          <reporter-output>
          </reporter-output>
        </test-method> <!-- down -->
        <test-method is-config="true" signature="tearDownReport()[pri:0, instance:Tests.LoginTest@d771cc9]" started-at="2026-02-09T16:58:12 IST" name="tearDownReport" finished-at="2026-02-09T16:58:12 IST" duration-ms="133" status="PASS">
          <reporter-output>
          </reporter-output>
        </test-method> <!-- tearDownReport -->
      </class> <!-- Tests.LoginTest -->
    </test> <!-- Default test -->
  </suite> <!-- Default suite -->
</testng-results>
