<?xml version="1.0" encoding="UTF-8"?>
<testng-results ignored="0" total="1" passed="1" failed="0" skipped="0">
  <reporter-output>
  </reporter-output>
  <suite started-at="2026-02-07T14:19:58 IST" name="loginSuite" finished-at="2026-02-07T14:20:14 IST" duration-ms="16174">
    <groups>
    </groups>
    <test started-at="2026-02-07T14:19:58 IST" name="LoginTest" finished-at="2026-02-07T14:20:14 IST" duration-ms="16174">
      <class name="Tests.LoginTest">
        <test-method is-config="true" signature="setUp()[pri:0, instance:Tests.LoginTest@1817d444]" started-at="2026-02-07T14:19:58 IST" name="setUp" finished-at="2026-02-07T14:20:10 IST" duration-ms="11801" status="PASS">
          <reporter-output>
          </reporter-output>
        </test-method> <!-- setUp -->
        <test-method signature="testlogin()[pri:0, instance:Tests.LoginTest@1817d444]" started-at="2026-02-07T14:20:10 IST" name="testlogin" finished-at="2026-02-07T14:20:14 IST" duration-ms="4261" status="PASS">
          <reporter-output>
          </reporter-output>
        </test-method> <!-- testlogin -->
        <test-method is-config="true" signature="down()[pri:0, instance:Tests.LoginTest@1817d444]" started-at="2026-02-07T14:20:14 IST" name="down" finished-at="2026-02-07T14:20:14 IST" duration-ms="94" status="PASS">
          <reporter-output>
          </reporter-output>
        </test-method> <!-- down -->
      </class> <!-- Tests.LoginTest -->
    </test> <!-- LoginTest -->
  </suite> <!-- loginSuite -->
</testng-results>
