<?xml version="1.0" encoding="UTF-8"?>
<!-- Generated by org.testng.reporters.JUnitXMLReporter -->
<testsuite ignored="0" hostname="Rahul-MacBook-Air.local" failures="1" tests="1" name="LoginTest" time="2.956" errors="0" timestamp="2026-02-09T15:40:16 IST">
  <testcase classname="Tests.LoginTest" name="testlogin" time="0.01">
    <failure type="java.lang.NullPointerException" message="Cannot invoke &amp;quot;com.aventstack.extentreports.ExtentTest.info(String)&amp;quot; because &amp;quot;Tests.LoginTest.test&amp;quot; is null">
      <![CDATA[java.lang.NullPointerException: Cannot invoke "com.aventstack.extentreports.ExtentTest.info(String)" because "Tests.LoginTest.test" is null
at Tests.LoginTest.testlogin(LoginTest.java:21)
at java.base/java.util.ArrayList.forEach(ArrayList.java:1596)
... Removed 25 stack frames]]>
    </failure>
  </testcase> <!-- testlogin -->
</testsuite> <!-- LoginTest -->
